C51 COMPILER V9.54   FUNCTION                                                              02/02/2016 10:30:50 PAGE 1   


C51 COMPILER V9.54, COMPILATION OF MODULE FUNCTION
OBJECT MODULE PLACED IN .\Objects\Function.obj
COMPILER INVOKED BY: D:\Program Files (x86)\Keil_v5\C51\BIN\C51.EXE Function.c COMPACT ROM(COMPACT) OPTIMIZE(8,SPEED) BR
                    -OWSE DEBUG OBJECTEXTEND PRINT(.\Listings\Function.lst) TABS(3) OBJECT(.\Objects\Function.obj)

line level    source

   1          /*------------------------------------------------------------------*-
   2             A.C (v1.00)
   3            ------------------------------------------------------------------
   4             Simple switch interface code, with software debounce.
   5          
   6             COPYRIGHT
   7             ---------
   8             This code is copyright (c) 2001 by Richard Zhang.
   9          -*------------------------------------------------------------------*/
  10          
  11          #include "Main.h"
  12          #include "Port.h"
  13          
  14          #include "Function.h"
  15          #include "Sensor.h"
  16          #include "Selflearn.h"
  17          #include "Protection.h"
  18          #include "Battery.h"
  19          
  20          // ------ Public variable definitions ------------------------------
  21          tByte ID_certificated_time;
  22          bit Auto_close_G;
  23          tByte Auto_close_time;
  24          
  25          // ------ Public variable declarations -----------------------------
  26          extern bit ID_certificated_G;
  27          extern bit Program_blocked_G;
  28          extern bit Sensor_delay_EN;
  29          extern tByte Sensor_delay_time;
  30          extern tByte ID_certificated_count;
  31          extern bit Disable_alarm_mode_G;
  32          
  33          // ------ Private variables ----------------------------------------
  34          
  35          // ------ Private constants ----------------------------------------
  36          
  37          /*------------------------------------------------------------------*-
  38            Function_update()
  39            Initialisation function for the switch library.
  40          -*------------------------------------------------------------------*/
  41          void Function_update(void)
  42             {
  43   1         // Detecting electrical vehicle's battery every 2s.
  44   1         Battery_detection();
  45   1         
  46   1         // ID expiring 10s.
  47   1         ID_certificated_expire();
  48   1         
  49   1         // Enable sensor 20s after closing lock.
  50   1         Sensor_postpone();
  51   1         
  52   1         // In self learn mode, if no ID card signal sent in, exit self learn mode.
  53   1         Self_learn_reset();
  54   1         
C51 COMPILER V9.54   FUNCTION                                                              02/02/2016 10:30:50 PAGE 2   

  55   1         Auto_close_detection();
  56   1         }
  57          
  58          /*------------------------------------------------------------------*-
  59            Auto_close_detection()
  60            Initialisation function for the switch library.
  61          -*------------------------------------------------------------------*/
  62          void Auto_close_detection(void)
  63             {
  64   1         if((Key_switch == 1)&&(Vertical_sensor)&&(Horizontal_sensor)&&(Micromotion_sensor)&&(!wheeled_rotate))
  65   1            {
  66   2            Auto_close_time += 1;
  67   2            if(Auto_close_time > 60)
  68   2               {
  69   3               Auto_close_time = 11;
  70   3               Auto_close_G = 1;
  71   3               }
  72   2            }
  73   1         else
  74   1            Auto_close_time = 0;
  75   1         }
  76          
  77          /*------------------------------------------------------------------*-
  78            Function_init()
  79            Initialisation function for the switch library.
  80          -*------------------------------------------------------------------*/
  81          void Function_init(void)
  82             {
  83   1         ID_reset();
  84   1         
  85   1         Auto_close_time = 0;
  86   1         Auto_close_G = 0;
  87   1         }
  88          
  89          /*------------------------------------------------------------------*-
  90            ID_reset()
  91            Initialisation function for the switch library.
  92          -*------------------------------------------------------------------*/
  93          void ID_reset(void)
  94             {
  95   1         ID_certificated_time = 0;
  96   1         ID_certificated_G = 0;
  97   1         ID_certificated_count = 0;
  98   1         }
  99          
 100          /*------------------------------------------------------------------*-
 101            ID_certificated_expire()
 102            Initialisation function for the switch library.
 103          -*------------------------------------------------------------------*/
 104          void ID_certificated_expire(void)
 105             {
 106   1         // Reset the ID certification.
 107   1         if((ID_certificated_G)&&(!Program_blocked_G))
 108   1            {
 109   2            ID_certificated_time += 1;
 110   2            if(ID_certificated_time > 5)
 111   2               {
 112   3               // Reset ID and enable sensor detecting.
 113   3               ID_reset();
 114   3               Sensor_enable();
 115   3               }     
 116   2            }
C51 COMPILER V9.54   FUNCTION                                                              02/02/2016 10:30:50 PAGE 3   

 117   1         }
 118          
 119          
 120          /*------------------------------------------------------------------*-
 121            ---- END OF FILE -------------------------------------------------
 122          -*------------------------------------------------------------------*/


MODULE INFORMATION:   STATIC OVERLAYABLE
   CODE SIZE        =     96    ----
   CONSTANT SIZE    =   ----    ----
   XDATA SIZE       =   ----    ----
   PDATA SIZE       =      2    ----
   DATA SIZE        =   ----    ----
   IDATA SIZE       =   ----    ----
   BIT SIZE         =      1    ----
END OF MODULE INFORMATION.


C51 COMPILATION COMPLETE.  0 WARNING(S),  0 ERROR(S)
